<?xml version="1.0" encoding="UTF-8"?>
<!-- Generated by org.testng.reporters.JUnitReportReporter -->
<testsuite hostname="DESKTOP-ONVTQR1" failures="0" tests="4" name="testNG.class02" time="0.155" errors="0" timestamp="2023-05-17T01:02:36 IST" skipped="0">
  <testcase classname="testNG.class02" name="webLoginToOrangeHrm" time="0.031"/>
  <system-out/>
  <testcase classname="testNG.class02" name="MobilelogoutToOrangeHrm" time="0.035"/>
  <system-out/>
  <testcase classname="testNG.class02" name="MobileloginToOrangeHrm" time="0.049"/>
  <system-out/>
  <testcase classname="testNG.class02" name="webLogoutToOrangeHrm" time="0.040"/>
  <system-out/>
</testsuite> <!-- testNG.class02 -->
