<?xml version="1.0" encoding="UTF-8"?>
<!-- Generated by org.testng.reporters.JUnitReportReporter -->
<testsuite hostname="DESKTOP-ONVTQR1" failures="0" tests="3" name="testNG.class01" time="0.063" errors="0" timestamp="2023-05-17T01:02:36 IST" skipped="1">
  <testcase classname="testNG.class01" name="tc1" time="0.019"/>
  <system-out/>
  <testcase classname="testNG.class01" name="tc2" time="0.044"/>
  <system-out/>
  <testcase classname="testNG.class01" name="containBug">
    <skipped/>
  </testcase> <!-- containBug -->
  <system-out/>
</testsuite> <!-- testNG.class01 -->
