<?xml version="1.0" encoding="UTF-8"?>
<!-- Generated by org.testng.reporters.JUnitReportReporter -->
<testsuite hostname="DESKTOP-ONVTQR1" failures="0" tests="4" name="Demo.TrelloAPI" time="17.792" errors="0" timestamp="2023-05-16T09:42:44 IST" skipped="1">
  <testcase classname="Demo.TrelloAPI" name="CreateBoard" time="12.873"/>
  <system-out/>
  <testcase classname="Demo.TrelloAPI" name="getBoard" time="2.522"/>
  <system-out/>
  <testcase classname="Demo.TrelloAPI" name="updatetBoard" time="2.397"/>
  <system-out/>
  <testcase classname="Demo.TrelloAPI" name="deleteBoard">
    <skipped/>
  </testcase> <!-- deleteBoard -->
  <system-out/>
</testsuite> <!-- Demo.TrelloAPI -->
